<?xml version="1.0" encoding="UTF-8"?>
<testsuite name="com.upn3.proyecto_finanzas_personales.CurrencyConversionTest" tests="2" skipped="0" failures="0" errors="0" timestamp="2026-06-10T09:57:57.323Z" hostname="RODRIGO" time="0.008">
  <properties/>
  <testcase name="testCurrencyConversionLogic" classname="com.upn3.proyecto_finanzas_personales.CurrencyConversionTest" time="0.003"/>
  <testcase name="testBalanceAdjustmentOnCurrencyChange" classname="com.upn3.proyecto_finanzas_personales.CurrencyConversionTest" time="0.0"/>
  <system-out><![CDATA[]]></system-out>
  <system-err><![CDATA[]]></system-err>
</testsuite>
